<?xml version="1.0" encoding="UTF-8"?>
<!-- Generated by org.testng.reporters.JUnitReportReporter -->
<testsuite skipped="1" hostname="DESKTOP-665U6I0" name="testng.Home" tests="2" failures="0" timestamp="30 Jun 2018 03:27:47 GMT" time="18.779" errors="0">
  <testcase name="afterlogin" time="18.779" classname="testng.Home"/>
  <testcase name="beforelogin" classname="testng.Home">
    <skipped/>
  </testcase> <!-- beforelogin -->
</testsuite> <!-- testng.Home -->
