<?xml version="1.0" encoding="UTF-8"?>
<!-- Generated by org.testng.reporters.JUnitReportReporter -->
<testsuite skipped="0" hostname="DESKTOP-665U6I0" name="selenium_grid_demo.Grid_demo1" tests="1" failures="0" timestamp="04 Jul 2018 14:22:40 GMT" time="12.886" errors="0">
  <testcase name="sampleTest" time="12.886" classname="selenium_grid_demo.Grid_demo1"/>
</testsuite> <!-- selenium_grid_demo.Grid_demo1 -->
