<?xml version="1.0" encoding="UTF-8"?>
<!-- Generated by org.testng.reporters.JUnitReportReporter -->
<testsuite skipped="0" hostname="DESKTOP-665U6I0" name="testng.OnlineBanking" tests="2" failures="0" timestamp="30 Jun 2018 03:16:59 GMT" time="51.588" errors="0">
  <testcase name="beforelogin" time="17.716" classname="testng.OnlineBanking"/>
  <testcase name="afterlogin" time="33.872" classname="testng.OnlineBanking"/>
</testsuite> <!-- testng.OnlineBanking -->
